[debug] ----------------------------------------------------------------------
[debug] Command:      /usr/local/bin/node /usr/local/bin/firebase serve
[debug] CLI Version:  3.2.0
[debug] Platform:     darwin
[debug] Node Version: v6.2.0
[debug] Time:         Thu Jan 12 2017 17:55:21 GMT+0700 (ICT)
[debug] ----------------------------------------------------------------------
[debug] 
[info] Starting Firebase development server...
[info] 
[info] Project Directory: /Users/Belinda/Documents/git/firebase-webchat
[info] 
[info] Server listening at: http://localhost:5000
[debug] ----------------------------------------------------------------------
[debug] Command:      /usr/local/bin/node /usr/local/bin/firebase serve
[debug] CLI Version:  3.2.0
[debug] Platform:     darwin
[debug] Node Version: v6.2.0
[debug] Time:         Fri Jan 13 2017 16:09:52 GMT+0700 (ICT)
[debug] ----------------------------------------------------------------------
[debug] 
[info] Starting Firebase development server...
[info] 
[info] Project Directory: /Users/Belinda/Documents/git/firebase-webchat
[info] 
[info] Server listening at: http://localhost:5000
